<?xml version="1.0" ?>
<coverage branch-rate="0.8009" line-rate="0.9176" timestamp="1474349046492" version="4.2">
	<!-- Generated by coverage.py: https://coverage.readthedocs.io -->
	<!-- Based on https://raw.githubusercontent.com/cobertura/web/f0366e5e2cf18f111cbd61fc34ef720a6584ba02/htdocs/xml/coverage-03.dtd -->
	<sources>
		<source>/home/jcfr/Projects/scikit-build/skbuild</source>
	</sources>
	<packages>
		<package branch-rate="0.7904" complexity="0" line-rate="0.895" name=".">
			<classes>
				<class branch-rate="1" complexity="0" filename="skbuild/__init__.py" line-rate="1" name="__init__.py">
					<methods/>
					<lines>
						<line hits="1" number="2"/>
						<line hits="1" number="8"/>
						<line hits="1" number="10"/>
						<line hits="1" number="11"/>
						<line hits="1" number="12"/>
						<line hits="1" number="14"/>
					</lines>
				</class>
				<class branch-rate="0.6279" complexity="0" filename="skbuild/cmaker.py" line-rate="0.7667" name="cmaker.py">
					<methods/>
					<lines>
						<line hits="1" number="5"/>
						<line hits="1" number="6"/>
						<line hits="1" number="7"/>
						<line hits="1" number="8"/>
						<line hits="1" number="9"/>
						<line hits="1" number="10"/>
						<line hits="1" number="11"/>
						<line hits="1" number="12"/>
						<line hits="1" number="13"/>
						<line hits="1" number="14"/>
						<line hits="1" number="15"/>
						<line hits="1" number="17"/>
						<line hits="1" number="20"/>
						<line hits="1" number="21"/>
						<line hits="1" number="23"/>
						<line hits="1" number="27"/>
						<line hits="1" number="31"/>
						<line hits="1" number="32"/>
						<line hits="1" number="33"/>
						<line hits="1" number="34"/>
						<line branch="true" condition-coverage="100% (2/2)" hits="1" number="35"/>
						<line hits="1" number="36"/>
						<line hits="1" number="38"/>
						<line hits="1" number="39"/>
						<line hits="1" number="42"/>
						<line hits="1" number="43"/>
						<line hits="1" number="45"/>
						<line branch="true" condition-coverage="50% (1/2)" hits="1" missing-branches="49" number="46"/>
						<line hits="1" number="47"/>
						<line branch="true" condition-coverage="50% (1/2)" hits="1" missing-branches="50" number="49"/>
						<line hits="0" number="50"/>
						<line hits="1" number="52"/>
						<line hits="1" number="54"/>
						<line hits="1" number="57"/>
						<line hits="1" number="60"/>
						<line hits="1" number="62"/>
						<line hits="1" number="63"/>
						<line hits="1" number="64"/>
						<line hits="1" number="65"/>
						<line hits="1" number="68"/>
						<line hits="1" number="70"/>
						<line branch="true" condition-coverage="50% (1/2)" hits="1" missing-branches="84" number="80"/>
						<line hits="1" number="81"/>
						<line hits="1" number="84"/>
						<line branch="true" condition-coverage="100% (2/2)" hits="1" number="85"/>
						<line hits="1" number="86"/>
						<line hits="1" number="90"/>
						<line branch="true" condition-coverage="100% (2/2)" hits="1" number="92"/>
						<line hits="1" number="93"/>
						<line branch="true" condition-coverage="100% (2/2)" hits="1" number="97"/>
						<line hits="1" number="98"/>
						<line branch="true" condition-coverage="100% (2/2)" hits="1" number="100"/>
						<line hits="1" number="101"/>
						<line branch="true" condition-coverage="100% (2/2)" hits="1" number="103"/>
						<line hits="1" number="104"/>
						<line hits="1" number="106"/>
						<line hits="1" number="107"/>
						<line hits="1" number="108"/>
						<line hits="1" number="110"/>
						<line hits="1" number="111"/>
						<line hits="1" number="130"/>
						<line hits="1" number="132"/>
						<line hits="1" number="139"/>
						<line branch="true" condition-coverage="100% (2/2)" hits="1" number="140"/>
						<line hits="1" number="141"/>
						<line hits="1" number="154"/>
						<line hits="1" number="156"/>
						<line hits="1" number="159"/>
						<line branch="true" condition-coverage="50% (1/2)" hits="1" missing-branches="162" number="161"/>
						<line hits="0" number="162"/>
						<line branch="true" condition-coverage="50% (1/2)" hits="1" missing-branches="165" number="164"/>
						<line hits="0" number="165"/>
						<line hits="1" number="167"/>
						<line hits="1" number="171"/>
						<line hits="1" number="176"/>
						<line hits="1" number="180"/>
						<line branch="true" condition-coverage="50% (1/2)" hits="1" missing-branches="190" number="185"/>
						<line hits="0" number="190"/>
						<line hits="0" number="191"/>
						<line hits="0" number="192"/>
						<line hits="0" number="193"/>
						<line hits="0" number="194"/>
						<line hits="0" number="195"/>
						<line hits="0" number="197"/>
						<line hits="0" number="198"/>
						<line hits="0" number="199"/>
						<line hits="0" number="200"/>
						<line hits="0" number="202"/>
						<line hits="0" number="203"/>
						<line hits="0" number="204"/>
						<line hits="0" number="205"/>
						<line hits="0" number="207"/>
						<line hits="0" number="208"/>
						<line hits="0" number="209"/>
						<line hits="0" number="210"/>
						<line branch="true" condition-coverage="0% (0/2)" hits="0" missing-branches="213,214" number="212"/>
						<line hits="0" number="213"/>
						<line branch="true" condition-coverage="0% (0/2)" hits="0" missing-branches="215,216" number="214"/>
						<line hits="0" number="215"/>
						<line branch="true" condition-coverage="0% (0/2)" hits="0" missing-branches="217,218" number="216"/>
						<line hits="0" number="217"/>
						<line branch="true" condition-coverage="0% (0/2)" hits="0" missing-branches="219,222" number="218"/>
						<line hits="0" number="219"/>
						<line hits="0" number="222"/>
						<line hits="0" number="231"/>
						<line branch="true" condition-coverage="0% (0/2)" hits="0" missing-branches="233,235" number="232"/>
						<line hits="0" number="233"/>
						<line branch="true" condition-coverage="0% (0/2)" hits="0" missing-branches="exit,243" number="235"/>
						<line branch="true" condition-coverage="0% (0/2)" hits="0" missing-branches="244,252" number="243"/>
						<line branch="true" condition-coverage="0% (0/2)" hits="0" missing-branches="243,246" number="244"/>
						<line hits="0" number="246"/>
						<line hits="0" number="247"/>
						<line hits="1" number="252"/>
						<line hits="1" number="254"/>
						<line hits="1" number="259"/>
						<line branch="true" condition-coverage="50% (1/2)" hits="1" missing-branches="315" number="262"/>
						<line hits="1" number="265"/>
						<line hits="1" number="267"/>
						<line branch="true" condition-coverage="50% (1/2)" hits="1" missing-branches="269" number="268"/>
						<line hits="0" number="269"/>
						<line hits="1" number="271"/>
						<line branch="true" condition-coverage="50% (1/2)" hits="1" missing-branches="277" number="272"/>
						<line hits="1" number="273"/>
						<line hits="1" number="274"/>
						<line hits="1" number="277"/>
						<line hits="1" number="278"/>
						<line branch="true" condition-coverage="50% (1/2)" hits="1" missing-branches="280" number="279"/>
						<line hits="0" number="280"/>
						<line hits="1" number="282"/>
						<line branch="true" condition-coverage="50% (1/2)" hits="1" missing-branches="290" number="283"/>
						<line hits="1" number="284"/>
						<line branch="true" condition-coverage="50% (1/2)" hits="1" missing-branches="290" number="285"/>
						<line branch="true" condition-coverage="50% (1/2)" hits="1" missing-branches="288" number="286"/>
						<line hits="1" number="287"/>
						<line hits="1" number="288"/>
						<line branch="true" condition-coverage="50% (1/2)" hits="1" missing-branches="291" number="290"/>
						<line hits="0" number="291"/>
						<line branch="true" condition-coverage="50% (1/2)" hits="1" missing-branches="exit" number="294"/>
						<line branch="true" condition-coverage="50% (1/2)" hits="1" missing-branches="315" number="307"/>
						<line branch="true" condition-coverage="100% (2/2)" hits="1" number="308"/>
						<line hits="1" number="310"/>
						<line hits="1" number="311"/>
						<line hits="1" number="315"/>
						<line hits="1" number="317"/>
						<line hits="1" number="330"/>
						<line hits="1" number="331"/>
						<line branch="true" condition-coverage="100% (2/2)" hits="1" number="333"/>
						<line branch="true" condition-coverage="100% (2/2)" hits="1" number="334"/>
						<line branch="true" condition-coverage="100% (2/2)" hits="1" number="335"/>
						<line hits="1" number="336"/>
						<line branch="true" condition-coverage="100% (2/2)" hits="1" number="338"/>
						<line hits="1" number="339"/>
						<line branch="true" condition-coverage="100% (2/2)" hits="1" number="340"/>
						<line hits="1" number="341"/>
						<line hits="1" number="343"/>
						<line branch="true" condition-coverage="100% (2/2)" hits="1" number="347"/>
						<line hits="1" number="348"/>
						<line branch="true" condition-coverage="100% (2/2)" hits="1" number="355"/>
						<line branch="true" condition-coverage="100% (2/2)" hits="1" number="356"/>
						<line hits="1" number="365"/>
						<line hits="1" number="368"/>
						<line branch="true" condition-coverage="100% (2/2)" hits="1" number="369"/>
						<line hits="1" number="370"/>
						<line hits="1" number="374"/>
						<line hits="1" number="376"/>
						<line hits="1" number="377"/>
						<line hits="1" number="382"/>
						<line branch="true" condition-coverage="100% (2/2)" hits="1" number="383"/>
						<line hits="1" number="384"/>
						<line hits="1" number="397"/>
						<line hits="1" number="401"/>
						<line hits="1" number="403"/>
						<line hits="1" number="404"/>
						<line hits="1" number="406"/>
						<line hits="1" number="408"/>
						<line hits="1" number="410"/>
						<line hits="1" number="411"/>
						<line hits="0" number="413"/>
						<line hits="1" number="415"/>
						<line branch="true" condition-coverage="100% (2/2)" hits="1" number="424"/>
					</lines>
				</class>
				<class branch-rate="1" complexity="0" filename="skbuild/constants.py" line-rate="1" name="constants.py">
					<methods/>
					<lines>
						<line hits="1" number="5"/>
						<line hits="1" number="7"/>
						<line hits="1" number="8"/>
						<line hits="1" number="9"/>
						<line hits="1" number="10"/>
					</lines>
				</class>
				<class branch-rate="1" complexity="0" filename="skbuild/exceptions.py" line-rate="1" name="exceptions.py">
					<methods/>
					<lines>
						<line hits="1" number="6"/>
						<line hits="1" number="10"/>
					</lines>
				</class>
				<class branch-rate="0.963" complexity="0" filename="skbuild/setuptools_wrap.py" line-rate="0.9837" name="setuptools_wrap.py">
					<methods/>
					<lines>
						<line hits="1" number="5"/>
						<line hits="1" number="7"/>
						<line hits="1" number="8"/>
						<line hits="1" number="9"/>
						<line hits="1" number="10"/>
						<line hits="1" number="12"/>
						<line hits="1" number="13"/>
						<line hits="1" number="16"/>
						<line hits="1" number="19"/>
						<line hits="1" number="20"/>
						<line hits="0" number="21"/>
						<line hits="0" number="22"/>
						<line hits="1" number="24"/>
						<line hits="1" number="25"/>
						<line hits="1" number="27"/>
						<line hits="1" number="28"/>
						<line hits="1" number="29"/>
						<line hits="1" number="30"/>
						<line hits="1" number="31"/>
						<line hits="1" number="34"/>
						<line hits="1" number="37"/>
						<line hits="1" number="38"/>
						<line hits="1" number="41"/>
						<line hits="1" number="44"/>
						<line hits="1" number="47"/>
						<line hits="1" number="50"/>
						<line hits="1" number="56"/>
						<line hits="1" number="57"/>
						<line hits="1" number="60"/>
						<line branch="true" condition-coverage="100% (2/2)" hits="1" number="61"/>
						<line hits="1" number="62"/>
						<line hits="1" number="65"/>
						<line branch="true" condition-coverage="50% (1/2)" hits="1" missing-branches="67" number="66"/>
						<line hits="0" number="67"/>
						<line hits="1" number="69"/>
						<line hits="1" number="72"/>
						<line hits="1" number="76"/>
						<line hits="1" number="77"/>
						<line hits="1" number="78"/>
						<line hits="1" number="79"/>
						<line hits="1" number="80"/>
						<line hits="1" number="81"/>
						<line branch="true" condition-coverage="100% (2/2)" hits="1" number="83"/>
						<line branch="true" condition-coverage="100% (2/2)" hits="1" number="84"/>
						<line hits="1" number="85"/>
						<line branch="true" condition-coverage="100% (2/2)" hits="1" number="86"/>
						<line hits="1" number="87"/>
						<line hits="1" number="92"/>
						<line hits="1" number="94"/>
						<line hits="1" number="96"/>
						<line hits="1" number="99"/>
						<line hits="1" number="101"/>
						<line hits="1" number="102"/>
						<line hits="1" number="103"/>
						<line hits="1" number="104"/>
						<line hits="1" number="105"/>
						<line hits="1" number="107"/>
						<line hits="1" number="108"/>
						<line hits="1" number="109"/>
						<line hits="1" number="112"/>
						<line hits="1" number="130"/>
						<line hits="1" number="132"/>
						<line hits="1" number="134"/>
						<line hits="1" number="138"/>
						<line hits="1" number="144"/>
						<line hits="1" number="145"/>
						<line hits="1" number="146"/>
						<line hits="1" number="148"/>
						<line hits="1" number="151"/>
						<line hits="1" number="152"/>
						<line branch="true" condition-coverage="100% (2/2)" hits="1" number="153"/>
						<line hits="1" number="154"/>
						<line hits="1" number="162"/>
						<line branch="true" condition-coverage="100% (2/2)" hits="1" number="163"/>
						<line hits="1" number="164"/>
						<line hits="1" number="173"/>
						<line branch="true" condition-coverage="100% (2/2)" hits="1" number="183"/>
						<line hits="1" number="184"/>
						<line hits="1" number="186"/>
						<line hits="1" number="187"/>
						<line hits="1" number="189"/>
						<line hits="1" number="191"/>
						<line hits="1" number="195"/>
						<line hits="1" number="202"/>
						<line branch="true" condition-coverage="100% (2/2)" hits="1" number="203"/>
						<line hits="1" number="204"/>
						<line branch="true" condition-coverage="100% (2/2)" hits="1" number="213"/>
						<line hits="1" number="215"/>
						<line hits="1" number="216"/>
						<line hits="1" number="220"/>
						<line hits="1" number="225"/>
						<line hits="1" number="229"/>
						<line hits="1" number="230"/>
						<line hits="1" number="231"/>
						<line hits="1" number="232"/>
						<line hits="1" number="233"/>
						<line hits="1" number="234"/>
						<line hits="1" number="235"/>
						<line hits="1" number="237"/>
						<line hits="1" number="238"/>
						<line hits="1" number="244"/>
						<line branch="true" condition-coverage="100% (2/2)" hits="1" number="249"/>
						<line hits="1" number="253"/>
						<line hits="1" number="254"/>
						<line hits="1" number="255"/>
						<line hits="1" number="256"/>
						<line hits="1" number="257"/>
						<line hits="1" number="258"/>
						<line hits="1" number="259"/>
						<line hits="1" number="260"/>
						<line hits="1" number="264"/>
						<line branch="true" condition-coverage="100% (2/2)" hits="1" number="265"/>
						<line hits="1" number="266"/>
						<line branch="true" condition-coverage="50% (1/2)" hits="1" missing-branches="268" number="267"/>
						<line hits="0" number="268"/>
						<line hits="1" number="274"/>
						<line hits="1" number="275"/>
						<line hits="1" number="276"/>
						<line hits="1" number="277"/>
						<line hits="1" number="279"/>
						<line hits="1" number="280"/>
						<line hits="1" number="282"/>
						<line branch="true" condition-coverage="100% (2/2)" hits="1" number="284"/>
						<line hits="1" number="285"/>
						<line hits="1" number="287"/>
						<line branch="true" condition-coverage="100% (2/2)" hits="1" number="293"/>
						<line branch="true" condition-coverage="100% (2/2)" hits="1" number="294"/>
						<line hits="1" number="297"/>
						<line hits="1" number="298"/>
						<line hits="1" number="302"/>
						<line hits="1" number="303"/>
						<line hits="1" number="304"/>
						<line hits="1" number="305"/>
						<line hits="1" number="307"/>
						<line hits="1" number="309"/>
						<line hits="1" number="310"/>
						<line hits="1" number="312"/>
						<line hits="1" number="313"/>
						<line hits="1" number="314"/>
						<line hits="1" number="316"/>
						<line branch="true" condition-coverage="100% (2/2)" hits="1" number="317"/>
						<line hits="1" number="319"/>
						<line branch="true" condition-coverage="100% (2/2)" hits="1" number="320"/>
						<line branch="true" condition-coverage="100% (2/2)" hits="1" number="322"/>
						<line hits="1" number="330"/>
						<line hits="1" number="332"/>
						<line hits="1" number="333"/>
						<line hits="1" number="334"/>
						<line hits="1" number="337"/>
						<line hits="1" number="338"/>
						<line hits="1" number="339"/>
						<line hits="1" number="340"/>
						<line hits="1" number="341"/>
						<line hits="1" number="342"/>
						<line hits="1" number="343"/>
						<line branch="true" condition-coverage="100% (2/2)" hits="1" number="346"/>
						<line branch="true" condition-coverage="100% (2/2)" hits="1" number="347"/>
						<line hits="1" number="348"/>
						<line hits="1" number="350"/>
						<line hits="1" number="352"/>
						<line hits="1" number="358"/>
						<line hits="1" number="361"/>
						<line branch="true" condition-coverage="100% (2/2)" hits="1" number="362"/>
						<line hits="1" number="370"/>
						<line hits="1" number="375"/>
						<line hits="1" number="380"/>
						<line hits="1" number="387"/>
						<line hits="1" number="388"/>
						<line hits="1" number="389"/>
						<line hits="1" number="390"/>
						<line hits="1" number="392"/>
						<line hits="1" number="394"/>
						<line hits="1" number="397"/>
						<line branch="true" condition-coverage="100% (3/3)" hits="1" number="429"/>
						<line hits="1" number="440"/>
						<line hits="1" number="445"/>
						<line hits="1" number="446"/>
						<line hits="1" number="448"/>
						<line hits="1" number="450"/>
						<line branch="true" condition-coverage="100% (2/2)" hits="1" number="451"/>
						<line hits="1" number="452"/>
						<line hits="1" number="453"/>
						<line hits="1" number="454"/>
						<line branch="true" condition-coverage="100% (2/2)" hits="1" number="458"/>
						<line hits="1" number="459"/>
						<line hits="1" number="466"/>
						<line branch="true" condition-coverage="100% (2/2)" hits="1" number="476"/>
						<line hits="1" number="479"/>
						<line branch="true" condition-coverage="100% (2/2)" hits="1" number="482"/>
						<line branch="true" condition-coverage="100% (2/2)" hits="1" number="483"/>
						<line hits="1" number="485"/>
						<line hits="1" number="487"/>
						<line hits="1" number="488"/>
						<line hits="1" number="489"/>
						<line hits="1" number="491"/>
						<line hits="1" number="492"/>
						<line branch="true" condition-coverage="100% (2/2)" hits="1" number="494"/>
						<line hits="1" number="495"/>
						<line branch="true" condition-coverage="100% (2/2)" hits="1" number="500"/>
						<line branch="true" condition-coverage="100% (2/2)" hits="1" number="501"/>
						<line hits="1" number="502"/>
						<line hits="1" number="503"/>
						<line hits="1" number="504"/>
						<line branch="true" condition-coverage="100% (2/2)" hits="1" number="506"/>
						<line hits="1" number="507"/>
						<line branch="true" condition-coverage="100% (2/2)" hits="1" number="512"/>
						<line branch="true" condition-coverage="100% (2/2)" hits="1" number="513"/>
						<line hits="1" number="514"/>
						<line hits="1" number="515"/>
						<line hits="1" number="516"/>
						<line branch="true" condition-coverage="100% (2/2)" hits="1" number="518"/>
						<line hits="1" number="519"/>
						<line hits="1" number="526"/>
						<line hits="1" number="527"/>
						<line branch="true" condition-coverage="50% (1/2)" hits="1" missing-branches="531" number="528"/>
						<line hits="1" number="529"/>
						<line hits="1" number="530"/>
						<line hits="1" number="531"/>
						<line hits="1" number="532"/>
						<line hits="1" number="535"/>
						<line hits="1" number="561"/>
						<line hits="1" number="564"/>
						<line hits="1" number="568"/>
						<line hits="1" number="569"/>
						<line hits="1" number="571"/>
						<line branch="true" condition-coverage="100% (2/2)" hits="1" number="573"/>
						<line branch="true" condition-coverage="100% (2/2)" hits="1" number="576"/>
						<line hits="1" number="577"/>
						<line hits="1" number="579"/>
						<line hits="1" number="582"/>
						<line hits="1" number="585"/>
						<line branch="true" condition-coverage="100% (2/2)" hits="1" number="586"/>
						<line hits="1" number="587"/>
						<line hits="1" number="588"/>
						<line hits="1" number="591"/>
						<line hits="1" number="592"/>
						<line hits="1" number="600"/>
						<line branch="true" condition-coverage="100% (2/2)" hits="1" number="601"/>
						<line hits="1" number="602"/>
						<line hits="1" number="603"/>
						<line hits="1" number="605"/>
						<line hits="1" number="608"/>
						<line hits="1" number="609"/>
						<line hits="1" number="610"/>
						<line hits="1" number="611"/>
					</lines>
				</class>
			</classes>
		</package>
		<package branch-rate="0.7857" complexity="0" line-rate="0.9333" name="command">
			<classes>
				<class branch-rate="0.5" complexity="0" filename="skbuild/command/__init__.py" line-rate="1" name="__init__.py">
					<methods/>
					<lines>
						<line hits="1" number="2"/>
						<line hits="1" number="5"/>
						<line hits="1" number="6"/>
						<line hits="1" number="7"/>
						<line branch="true" condition-coverage="50% (1/2)" hits="1" missing-branches="13" number="8"/>
						<line hits="1" number="9"/>
						<line hits="1" number="10"/>
						<line hits="1" number="11"/>
						<line hits="1" number="13"/>
					</lines>
				</class>
				<class branch-rate="1" complexity="0" filename="skbuild/command/bdist.py" line-rate="1" name="bdist.py">
					<methods/>
					<lines>
						<line hits="1" number="3"/>
						<line hits="1" number="4"/>
						<line hits="1" number="5"/>
						<line hits="1" number="6"/>
						<line hits="1" number="8"/>
						<line hits="1" number="9"/>
						<line hits="1" number="12"/>
						<line hits="1" number="14"/>
					</lines>
				</class>
				<class branch-rate="1" complexity="0" filename="skbuild/command/bdist_wheel.py" line-rate="1" name="bdist_wheel.py">
					<methods/>
					<lines>
						<line hits="1" number="4"/>
						<line hits="1" number="6"/>
						<line hits="1" number="7"/>
						<line hits="1" number="10"/>
						<line hits="1" number="12"/>
					</lines>
				</class>
				<class branch-rate="1" complexity="0" filename="skbuild/command/build.py" line-rate="1" name="build.py">
					<methods/>
					<lines>
						<line hits="1" number="3"/>
						<line hits="1" number="4"/>
						<line hits="1" number="5"/>
						<line hits="1" number="6"/>
						<line hits="1" number="8"/>
						<line hits="1" number="9"/>
						<line hits="1" number="12"/>
						<line hits="1" number="14"/>
					</lines>
				</class>
				<class branch-rate="1" complexity="0" filename="skbuild/command/clean.py" line-rate="1" name="clean.py">
					<methods/>
					<lines>
						<line hits="1" number="3"/>
						<line hits="1" number="5"/>
						<line hits="1" number="6"/>
						<line hits="1" number="7"/>
						<line hits="1" number="8"/>
						<line hits="1" number="10"/>
						<line hits="1" number="12"/>
						<line hits="1" number="14"/>
						<line hits="1" number="15"/>
						<line hits="1" number="18"/>
						<line hits="1" number="21"/>
						<line hits="1" number="23"/>
						<line hits="1" number="26"/>
						<line branch="true" condition-coverage="100% (2/2)" hits="1" number="27"/>
						<line branch="true" condition-coverage="100% (2/2)" hits="1" number="30"/>
						<line hits="1" number="31"/>
						<line branch="true" condition-coverage="100% (2/2)" hits="1" number="32"/>
						<line hits="1" number="33"/>
					</lines>
				</class>
				<class branch-rate="0.6667" complexity="0" filename="skbuild/command/egg_info.py" line-rate="0.8" name="egg_info.py">
					<methods/>
					<lines>
						<line hits="1" number="4"/>
						<line hits="1" number="5"/>
						<line hits="1" number="6"/>
						<line hits="1" number="7"/>
						<line hits="1" number="9"/>
						<line hits="1" number="11"/>
						<line hits="1" number="12"/>
						<line hits="1" number="13"/>
						<line hits="1" number="15"/>
						<line hits="1" number="18"/>
						<line hits="1" number="21"/>
						<line hits="1" number="32"/>
						<line branch="true" condition-coverage="50% (1/2)" hits="1" missing-branches="70" number="44"/>
						<line hits="1" number="45"/>
						<line hits="1" number="46"/>
						<line hits="1" number="47"/>
						<line hits="0" number="51"/>
						<line hits="0" number="52"/>
						<line hits="0" number="62"/>
						<line branch="true" condition-coverage="100% (2/2)" hits="1" number="64"/>
						<line hits="1" number="65"/>
						<line hits="1" number="67"/>
						<line hits="1" number="68"/>
						<line hits="1" number="70"/>
						<line hits="1" number="72"/>
						<line branch="true" condition-coverage="50% (1/2)" hits="1" missing-branches="74" number="73"/>
						<line hits="0" number="74"/>
						<line hits="0" number="75"/>
						<line hits="0" number="76"/>
						<line hits="1" number="78"/>
					</lines>
				</class>
				<class branch-rate="1" complexity="0" filename="skbuild/command/install.py" line-rate="1" name="install.py">
					<methods/>
					<lines>
						<line hits="1" number="4"/>
						<line hits="1" number="6"/>
						<line hits="1" number="7"/>
						<line hits="1" number="10"/>
						<line hits="1" number="12"/>
					</lines>
				</class>
				<class branch-rate="1" complexity="0" filename="skbuild/command/sdist.py" line-rate="1" name="sdist.py">
					<methods/>
					<lines>
						<line hits="1" number="3"/>
						<line hits="1" number="5"/>
						<line hits="1" number="6"/>
						<line hits="1" number="9"/>
						<line hits="1" number="11"/>
						<line hits="1" number="13"/>
						<line hits="1" number="14"/>
					</lines>
				</class>
			</classes>
		</package>
		<package branch-rate="0.8125" complexity="0" line-rate="0.9495" name="platform_specifics">
			<classes>
				<class branch-rate="1" complexity="0" filename="skbuild/platform_specifics/__init__.py" line-rate="1" name="__init__.py">
					<methods/>
					<lines>
						<line hits="1" number="5"/>
						<line hits="1" number="7"/>
					</lines>
				</class>
				<class branch-rate="1" complexity="0" filename="skbuild/platform_specifics/abstract.py" line-rate="1" name="abstract.py">
					<methods/>
					<lines>
						<line hits="1" number="4"/>
						<line hits="1" number="5"/>
						<line hits="1" number="6"/>
						<line hits="1" number="8"/>
						<line hits="1" number="10"/>
						<line hits="1" number="13"/>
						<line hits="1" number="19"/>
						<line hits="1" number="20"/>
						<line hits="1" number="22"/>
						<line hits="1" number="25"/>
						<line hits="1" number="27"/>
						<line hits="1" number="29"/>
						<line hits="1" number="31"/>
						<line branch="true" condition-coverage="100% (2/2)" hits="1" number="35"/>
						<line hits="1" number="36"/>
						<line hits="1" number="37"/>
						<line hits="1" number="38"/>
						<line hits="1" number="39"/>
						<line branch="true" condition-coverage="100% (2/2)" hits="1" number="40"/>
						<line hits="1" number="41"/>
						<line hits="1" number="43"/>
						<line branch="true" condition-coverage="100% (2/2)" hits="1" number="46"/>
						<line hits="1" number="47"/>
						<line hits="1" number="49"/>
						<line hits="1" number="53"/>
						<line hits="1" number="57"/>
						<line hits="1" number="78"/>
						<line branch="true" condition-coverage="100% (2/2)" hits="1" number="80"/>
						<line hits="1" number="81"/>
						<line hits="1" number="83"/>
						<line hits="1" number="85"/>
						<line hits="1" number="87"/>
						<line branch="true" condition-coverage="100% (2/2)" hits="1" number="90"/>
						<line hits="1" number="91"/>
						<line hits="1" number="93"/>
						<line hits="1" number="95"/>
						<line hits="1" number="96"/>
						<line hits="1" number="104"/>
						<line hits="1" number="108"/>
						<line branch="true" condition-coverage="100% (2/2)" hits="1" number="110"/>
						<line branch="true" condition-coverage="100% (2/2)" hits="1" number="112"/>
						<line hits="1" number="113"/>
						<line hits="1" number="115"/>
						<line hits="1" number="118"/>
						<line hits="1" number="120"/>
						<line branch="true" condition-coverage="100% (2/2)" hits="1" number="123"/>
						<line hits="1" number="125"/>
						<line hits="1" number="126"/>
						<line hits="1" number="128"/>
					</lines>
				</class>
				<class branch-rate="1" complexity="0" filename="skbuild/platform_specifics/bsd.py" line-rate="1" name="bsd.py">
					<methods/>
					<lines>
						<line hits="1" number="3"/>
						<line hits="1" number="6"/>
						<line hits="1" number="8"/>
					</lines>
				</class>
				<class branch-rate="1" complexity="0" filename="skbuild/platform_specifics/linux.py" line-rate="1" name="linux.py">
					<methods/>
					<lines>
						<line hits="1" number="3"/>
						<line hits="1" number="6"/>
						<line hits="1" number="8"/>
					</lines>
				</class>
				<class branch-rate="1" complexity="0" filename="skbuild/platform_specifics/osx.py" line-rate="1" name="osx.py">
					<methods/>
					<lines>
						<line hits="1" number="3"/>
						<line hits="1" number="6"/>
						<line hits="1" number="8"/>
					</lines>
				</class>
				<class branch-rate="1" complexity="0" filename="skbuild/platform_specifics/platform_factory.py" line-rate="1" name="platform_factory.py">
					<methods/>
					<lines>
						<line hits="1" number="4"/>
						<line hits="1" number="6"/>
						<line hits="1" number="7"/>
						<line hits="1" number="8"/>
						<line hits="1" number="9"/>
						<line hits="1" number="12"/>
						<line hits="1" number="15"/>
						<line branch="true" condition-coverage="100% (2/2)" hits="1" number="17"/>
						<line hits="1" number="18"/>
						<line branch="true" condition-coverage="100% (2/2)" hits="1" number="19"/>
						<line hits="1" number="20"/>
						<line branch="true" condition-coverage="100% (2/2)" hits="1" number="21"/>
						<line hits="1" number="22"/>
						<line branch="true" condition-coverage="100% (2/2)" hits="1" number="23"/>
						<line hits="1" number="24"/>
						<line hits="1" number="26"/>
					</lines>
				</class>
				<class branch-rate="1" complexity="0" filename="skbuild/platform_specifics/unix.py" line-rate="1" name="unix.py">
					<methods/>
					<lines>
						<line hits="1" number="3"/>
						<line hits="1" number="6"/>
						<line hits="1" number="9"/>
						<line hits="1" number="10"/>
						<line hits="1" number="11"/>
					</lines>
				</class>
				<class branch-rate="0.25" complexity="0" filename="skbuild/platform_specifics/windows.py" line-rate="0.7222" name="windows.py">
					<methods/>
					<lines>
						<line hits="1" number="3"/>
						<line hits="1" number="4"/>
						<line hits="1" number="6"/>
						<line hits="1" number="9"/>
						<line hits="1" number="12"/>
						<line hits="1" number="13"/>
						<line hits="1" number="14"/>
						<line hits="1" number="15"/>
						<line branch="true" condition-coverage="50% (1/2)" hits="1" missing-branches="25" number="18"/>
						<line hits="1" number="22"/>
						<line branch="true" condition-coverage="0% (0/2)" hits="0" missing-branches="31,34" number="25"/>
						<line hits="0" number="31"/>
						<line branch="true" condition-coverage="0% (0/2)" hits="0" missing-branches="35,38" number="34"/>
						<line hits="0" number="35"/>
						<line hits="0" number="38"/>
						<line branch="true" condition-coverage="50% (1/2)" hits="1" missing-branches="47" number="41"/>
						<line hits="1" number="42"/>
						<line hits="1" number="47"/>
					</lines>
				</class>
			</classes>
		</package>
		<package branch-rate="1" complexity="0" line-rate="1" name="utils">
			<classes>
				<class branch-rate="1" complexity="0" filename="skbuild/utils/__init__.py" line-rate="1" name="__init__.py">
					<methods/>
					<lines>
						<line hits="1" number="3"/>
						<line hits="1" number="4"/>
						<line hits="1" number="6"/>
						<line hits="1" number="7"/>
						<line hits="1" number="8"/>
						<line hits="1" number="11"/>
						<line hits="1" number="15"/>
						<line hits="1" number="16"/>
						<line hits="1" number="18"/>
						<line hits="1" number="20"/>
						<line hits="1" number="22"/>
						<line hits="1" number="23"/>
						<line hits="1" number="25"/>
						<line hits="1" number="26"/>
						<line hits="1" number="28"/>
						<line hits="1" number="29"/>
						<line hits="1" number="30"/>
						<line hits="1" number="33"/>
						<line hits="1" number="39"/>
						<line hits="1" number="40"/>
						<line hits="1" number="41"/>
						<line hits="1" number="42"/>
						<line hits="1" number="43"/>
						<line hits="1" number="48"/>
						<line hits="1" number="51"/>
						<line hits="1" number="60"/>
						<line hits="1" number="61"/>
						<line hits="1" number="62"/>
						<line hits="1" number="63"/>
						<line hits="1" number="66"/>
						<line hits="1" number="67"/>
						<line branch="true" condition-coverage="100% (2/2)" hits="1" number="68"/>
						<line branch="true" condition-coverage="100% (2/2)" hits="1" number="69"/>
						<line hits="1" number="70"/>
						<line hits="1" number="71"/>
						<line hits="1" number="72"/>
						<line hits="1" number="74"/>
						<line hits="1" number="75"/>
						<line hits="1" number="78"/>
						<line hits="1" number="87"/>
						<line hits="1" number="90"/>
						<line hits="1" number="97"/>
						<line hits="1" number="105"/>
						<line hits="1" number="106"/>
						<line hits="1" number="107"/>
						<line hits="1" number="108"/>
						<line hits="1" number="109"/>
						<line hits="1" number="110"/>
						<line hits="1" number="112"/>
						<line hits="1" number="124"/>
						<line hits="1" number="125"/>
						<line hits="1" number="127"/>
						<line branch="true" condition-coverage="100% (2/2)" hits="1" number="132"/>
						<line hits="1" number="135"/>
						<line hits="1" number="137"/>
						<line hits="1" number="141"/>
						<line hits="1" number="142"/>
						<line branch="true" condition-coverage="100% (2/2)" hits="1" number="143"/>
						<line hits="1" number="145"/>
						<line hits="1" number="146"/>
						<line hits="1" number="148"/>
						<line hits="1" number="151"/>
						<line hits="1" number="153"/>
						<line hits="1" number="157"/>
						<line hits="1" number="159"/>
					</lines>
				</class>
			</classes>
		</package>
	</packages>
</coverage>
